<?xml version="1.0" encoding="UTF-8"?>
<testng-results ignored="0" total="1" passed="1" failed="0" skipped="0">
  <reporter-output>
  </reporter-output>
  <suite started-at="2023-09-14T01:21:47 IST" name="Default suite" finished-at="2023-09-14T01:21:47 IST" duration-ms="111">
    <groups>
    </groups>
    <test started-at="2023-09-14T01:21:47 IST" name="Default test" finished-at="2023-09-14T01:21:47 IST" duration-ms="111">
      <class name="Test.TestNGTest">
        <test-method is-config="true" signature="beforeClass()[pri:0, instance:Test.TestNGTest@43df23d3]" started-at="2023-09-14T01:21:47 IST" name="beforeClass" finished-at="2023-09-14T01:21:47 IST" duration-ms="19" status="PASS">
          <reporter-output>
          </reporter-output>
        </test-method> <!-- beforeClass -->
        <test-method is-config="true" signature="beforeMethod()[pri:0, instance:Test.TestNGTest@43df23d3]" started-at="2023-09-14T01:21:47 IST" name="beforeMethod" finished-at="2023-09-14T01:21:47 IST" duration-ms="1" status="PASS">
          <reporter-output>
          </reporter-output>
        </test-method> <!-- beforeMethod -->
        <test-method signature="test()[pri:0, instance:Test.TestNGTest@43df23d3]" started-at="2023-09-14T01:21:47 IST" name="test" finished-at="2023-09-14T01:21:47 IST" duration-ms="9" status="PASS">
          <reporter-output>
          </reporter-output>
        </test-method> <!-- test -->
        <test-method is-config="true" signature="afterMethod()[pri:0, instance:Test.TestNGTest@43df23d3]" started-at="2023-09-14T01:21:47 IST" name="afterMethod" finished-at="2023-09-14T01:21:47 IST" duration-ms="3" status="PASS">
          <reporter-output>
          </reporter-output>
        </test-method> <!-- afterMethod -->
        <test-method is-config="true" signature="afterClass()[pri:0, instance:Test.TestNGTest@43df23d3]" started-at="2023-09-14T01:21:47 IST" name="afterClass" finished-at="2023-09-14T01:21:47 IST" duration-ms="0" status="PASS">
          <reporter-output>
          </reporter-output>
        </test-method> <!-- afterClass -->
      </class> <!-- Test.TestNGTest -->
    </test> <!-- Default test -->
  </suite> <!-- Default suite -->
</testng-results>
